<?xml version="1.0" encoding="UTF-8"?>
<!-- Generated by org.testng.reporters.JUnitReportReporter -->
<testsuite hostname="05068-020L" name="testCases.ViewSpecificTask$TesClass" tests="17" failures="1" timestamp="20 Dec 2018 07:42:27 GMT" time="8.993" errors="0">
  <testcase name="TC014_VerifyStartDateIsEnabled_AftretClickOnEditButto" time="0.037" classname="testCases.ViewSpecificTask$TesClass"/>
  <testcase name="TC009_VerifyTextBoxRemarksTexIS_disabled" time="0.043" classname="testCases.ViewSpecificTask$TesClass"/>
  <testcase name="Verify_tower_Dropdown_is_enabled_after_click_on_edit_button" time="0.087" classname="testCases.ViewSpecificTask$TesClass"/>
  <testcase name="TC006_verify_VerifyDDEnddateISEnabled_Is_Disabled" time="0.050" classname="testCases.ViewSpecificTask$TesClass"/>
  <testcase name="TC004_verify_Verify_DDGNDivisions_IS_Disabled" time="0.066" classname="testCases.ViewSpecificTask$TesClass"/>
  <testcase name="TC013_verify_GNDivision_DD_is_enabled_after_click_on_Edit_Button" time="0.033" classname="testCases.ViewSpecificTask$TesClass"/>
  <testcase name="TC002_verify_DistrictDD_Is_Disabled" time="6.147" classname="testCases.ViewSpecificTask$TesClass"/>
  <testcase name="TC008_VerifyDDTowersIs_Disaled" time="0.056" classname="testCases.ViewSpecificTask$TesClass"/>
  <testcase name="TC0012_verify_Terriotorry_Is_Disabled_after_click_On_EDit" time="0.375" classname="testCases.ViewSpecificTask$TesClass"/>
  <testcase name="TC0011_verify_DistrictDD_Is_Disabled_after_click_On_EDit" time="0.027" classname="testCases.ViewSpecificTask$TesClass"/>
  <testcase name="TC007_VerifyTowersCheckboxISEnabled_Is_Disabled" time="0.047" classname="testCases.ViewSpecificTask$TesClass"/>
  <testcase name="Verify_End_Date_Is_Enabled_AftretClick_On_EditButto" time="0.044" classname="testCases.ViewSpecificTask$TesClass"/>
  <testcase name="TC010_VerifyTextBoxRemarksTexISEnabled_Is_enableAfterClick" time="0.550" classname="testCases.ViewSpecificTask$TesClass"/>
  <testcase name="TC005_verify_VerifyDDStartdateISEnabled_Is_Disabled" time="0.053" classname="testCases.ViewSpecificTask$TesClass"/>
  <testcase name="Verify_tower_CheckBox_is_enabled_after_click_on_edit_button" time="0.085" classname="testCases.ViewSpecificTask$TesClass"/>
  <testcase name="TC003_verify_Verify_TerriotorryDD_Is_Disabled" time="0.224" classname="testCases.ViewSpecificTask$TesClass"/>
  <testcase name="TC001_verify_NavigateToEdittaskScreen" time="1.069" classname="testCases.ViewSpecificTask$TesClass">
    <failure type="java.lang.AssertionError" message="expected [http://wom/v3staging/user/user_dashbaord] but found [http://wom/v3staging/user/login]">
      <![CDATA[java.lang.AssertionError: expected [http://wom/v3staging/user/user_dashbaord] but found [http://wom/v3staging/user/login]
	at org.testng.Assert.fail(Assert.java:94)
	at org.testng.Assert.failNotEquals(Assert.java:496)
	at org.testng.Assert.assertEquals(Assert.java:125)
	at org.testng.Assert.assertEquals(Assert.java:178)
	at org.testng.Assert.assertEquals(Assert.java:188)
	at pages.LoginPage.LoginToWom(LoginPage.java:37)
	at testCases.ViewSpecificTask$TesClass.TC001_verify_NavigateToEdittaskScreen(ViewSpecificTask.java:21)
	at sun.reflect.NativeMethodAccessorImpl.invoke0(Native Method)
	at sun.reflect.NativeMethodAccessorImpl.invoke(Unknown Source)
	at sun.reflect.DelegatingMethodAccessorImpl.invoke(Unknown Source)
	at java.lang.reflect.Method.invoke(Unknown Source)
	at org.testng.internal.MethodInvocationHelper.invokeMethod(MethodInvocationHelper.java:85)
	at org.testng.internal.Invoker.invokeMethod(Invoker.java:639)
	at org.testng.internal.Invoker.invokeTestMethod(Invoker.java:821)
	at org.testng.internal.Invoker.invokeTestMethods(Invoker.java:1131)
	at org.testng.internal.TestMethodWorker.invokeTestMethods(TestMethodWorker.java:124)
	at org.testng.internal.TestMethodWorker.run(TestMethodWorker.java:108)
	at org.testng.TestRunner.privateRun(TestRunner.java:773)
	at org.testng.TestRunner.run(TestRunner.java:623)
	at org.testng.SuiteRunner.runTest(SuiteRunner.java:357)
	at org.testng.SuiteRunner.runSequentially(SuiteRunner.java:352)
	at org.testng.SuiteRunner.privateRun(SuiteRunner.java:310)
	at org.testng.SuiteRunner.run(SuiteRunner.java:259)
	at org.testng.SuiteRunnerWorker.runSuite(SuiteRunnerWorker.java:52)
	at org.testng.SuiteRunnerWorker.run(SuiteRunnerWorker.java:86)
	at org.testng.TestNG.runSuitesSequentially(TestNG.java:1185)
	at org.testng.TestNG.runSuitesLocally(TestNG.java:1110)
	at org.testng.TestNG.run(TestNG.java:1018)
	at org.testng.remote.AbstractRemoteTestNG.run(AbstractRemoteTestNG.java:114)
	at org.testng.remote.RemoteTestNG.initAndRun(RemoteTestNG.java:251)
	at org.testng.remote.RemoteTestNG.main(RemoteTestNG.java:77)
]]>
    </failure>
  </testcase> <!-- TC001_verify_NavigateToEdittaskScreen -->
</testsuite> <!-- testCases.ViewSpecificTask$TesClass -->
