<?xml version="1.0" encoding="UTF-8"?>
<!-- Generated by org.testng.reporters.JUnitReportReporter -->
<testsuite hostname="05068-020L" name="testCases.TS_003_TerritorryManagerTasks" tests="15" failures="1" timestamp="31 Jan 2019 06:12:57 GMT" time="32.829" errors="0">
  <testcase name="TC_010_verif_EnerEndDate" time="0.482" classname="testCases.TS_003_TerritorryManagerTasks"/>
  <testcase name="TC_008_verif_OnlyExpiredTsks_Text" time="0.071" classname="testCases.TS_003_TerritorryManagerTasks">
    <failure type="java.lang.AssertionError" message="expected [Only expired tasks] but found []">
      <![CDATA[java.lang.AssertionError: expected [Only expired tasks] but found []
	at org.testng.Assert.fail(Assert.java:94)
	at org.testng.Assert.failNotEquals(Assert.java:496)
	at org.testng.Assert.assertEquals(Assert.java:125)
	at org.testng.Assert.assertEquals(Assert.java:178)
	at org.testng.Assert.assertEquals(Assert.java:188)
	at pages.TerritorryManagerTasks.VerifyText(TerritorryManagerTasks.java:113)
	at pages.TerritorryManagerTasks.OnlyExpiredTaskText(TerritorryManagerTasks.java:160)
	at testCases.TS_003_TerritorryManagerTasks.TC_008_verif_OnlyExpiredTsks_Text(TS_003_TerritorryManagerTasks.java:75)
	at sun.reflect.NativeMethodAccessorImpl.invoke0(Native Method)
	at sun.reflect.NativeMethodAccessorImpl.invoke(Unknown Source)
	at sun.reflect.DelegatingMethodAccessorImpl.invoke(Unknown Source)
	at java.lang.reflect.Method.invoke(Unknown Source)
	at org.testng.internal.MethodInvocationHelper.invokeMethod(MethodInvocationHelper.java:85)
	at org.testng.internal.Invoker.invokeMethod(Invoker.java:639)
	at org.testng.internal.Invoker.invokeTestMethod(Invoker.java:821)
	at org.testng.internal.Invoker.invokeTestMethods(Invoker.java:1131)
	at org.testng.internal.TestMethodWorker.invokeTestMethods(TestMethodWorker.java:124)
	at org.testng.internal.TestMethodWorker.run(TestMethodWorker.java:108)
	at org.testng.TestRunner.privateRun(TestRunner.java:773)
	at org.testng.TestRunner.run(TestRunner.java:623)
	at org.testng.SuiteRunner.runTest(SuiteRunner.java:357)
	at org.testng.SuiteRunner.runSequentially(SuiteRunner.java:352)
	at org.testng.SuiteRunner.privateRun(SuiteRunner.java:310)
	at org.testng.SuiteRunner.run(SuiteRunner.java:259)
	at org.testng.SuiteRunnerWorker.runSuite(SuiteRunnerWorker.java:52)
	at org.testng.SuiteRunnerWorker.run(SuiteRunnerWorker.java:86)
	at org.testng.TestNG.runSuitesSequentially(TestNG.java:1185)
	at org.testng.TestNG.runSuitesLocally(TestNG.java:1110)
	at org.testng.TestNG.run(TestNG.java:1018)
	at org.testng.remote.AbstractRemoteTestNG.run(AbstractRemoteTestNG.java:114)
	at org.testng.remote.RemoteTestNG.initAndRun(RemoteTestNG.java:251)
	at org.testng.remote.RemoteTestNG.main(RemoteTestNG.java:77)
]]>
    </failure>
  </testcase> <!-- TC_008_verif_OnlyExpiredTsks_Text -->
  <testcase name="TC_013_verif_SubmitButton" time="0.727" classname="testCases.TS_003_TerritorryManagerTasks"/>
  <testcase name="TC_004_verify_Start_From_Date_Text" time="0.084" classname="testCases.TS_003_TerritorryManagerTasks"/>
  <testcase name="TC_011_verif_SelectTerritoryValue" time="0.454" classname="testCases.TS_003_TerritorryManagerTasks"/>
  <testcase name="TC_002_verify_User" time="21.783" classname="testCases.TS_003_TerritorryManagerTasks"/>
  <testcase name="TC_003_verifNamw_Of_The_Page" time="0.131" classname="testCases.TS_003_TerritorryManagerTasks"/>
  <testcase name="TC_006_verify_Territory_Text" time="0.078" classname="testCases.TS_003_TerritorryManagerTasks"/>
  <testcase name="TC_005_verify_End_Date_text" time="0.063" classname="testCases.TS_003_TerritorryManagerTasks"/>
  <testcase name="TC_007_verify_Status_Text" time="0.078" classname="testCases.TS_003_TerritorryManagerTasks"/>
  <testcase name="TC_014_verif_Defaultview" time="0.047" classname="testCases.TS_003_TerritorryManagerTasks"/>
  <testcase name="TC_012_verif_selectStatusValue" time="0.489" classname="testCases.TS_003_TerritorryManagerTasks"/>
  <testcase name="TC001_Verify_Navigate_TO_Territorry_Manager_Task" time="7.607" classname="testCases.TS_003_TerritorryManagerTasks"/>
  <testcase name="TC_015_verif_GridviewIsEnabled" time="0.170" classname="testCases.TS_003_TerritorryManagerTasks"/>
  <testcase name="TC_009_verif_EnerStarDate" time="0.565" classname="testCases.TS_003_TerritorryManagerTasks"/>
</testsuite> <!-- testCases.TS_003_TerritorryManagerTasks -->
