<?xml version="1.0" encoding="UTF-8"?>
<!-- Generated by org.testng.reporters.JUnitReportReporter -->
<testsuite hostname="05068-020L" name="testCases.TestCrud" tests="3" failures="0" timestamp="7 Jan 2019 06:28:16 GMT" time="12.832" errors="0">
  <testcase name="TC_001_verify_User_Able_TO_Navigate_Dashboard" time="6.393" classname="testCases.TestCrud"/>
  <testcase name="TC_003_Verify_add_new_record" time="0.228" classname="testCases.TestCrud"/>
  <testcase name="TC002_Verify_Navigate_To_Crud" time="6.211" classname="testCases.TestCrud"/>
</testsuite> <!-- testCases.TestCrud -->
