<?xml version="1.0" encoding="UTF-8"?>
<!-- Generated by org.testng.reporters.JUnitReportReporter -->
<testsuite hostname="05068-020L" name="testCases.ViewSpecificTask$TesClass" tests="18" failures="0" timestamp="2 Jan 2019 04:12:15 GMT" time="16.323" errors="0">
  <testcase name="TC008_VerifyDDTowersIs_Disaled" time="0.052" classname="testCases.ViewSpecificTask$TesClass"/>
  <testcase name="TC_15_Verify_End_Date_Is_Enabled_AftretClick_On_EditButto" time="0.068" classname="testCases.ViewSpecificTask$TesClass"/>
  <testcase name="TC006_verify_VerifyDDEnddateISEnabled_Is_Disabled" time="0.048" classname="testCases.ViewSpecificTask$TesClass"/>
  <testcase name="TC002_verify_DistrictDD_Is_Disabled" time="7.692" classname="testCases.ViewSpecificTask$TesClass"/>
  <testcase name="TC009_VerifyTextBoxRemarksTexIS_disabled" time="0.040" classname="testCases.ViewSpecificTask$TesClass"/>
  <testcase name="TC004_verify_Verify_DDGNDivisions_IS_Disabled" time="0.176" classname="testCases.ViewSpecificTask$TesClass"/>
  <testcase name="TC0011_verify_DistrictDD_Is_Disabled_after_click_On_EDit" time="0.024" classname="testCases.ViewSpecificTask$TesClass"/>
  <testcase name="TC0012_verify_Terriotorry_Is_Disabled_after_click_On_EDit" time="0.798" classname="testCases.ViewSpecificTask$TesClass"/>
  <testcase name="TC014_VerifyStartDateIsEnabled_AftretClickOnEditButto" time="0.036" classname="testCases.ViewSpecificTask$TesClass"/>
  <testcase name="TC_016_Verify_tower_CheckBox_is_enabled_after_click_on_edit_button" time="0.040" classname="testCases.ViewSpecificTask$TesClass"/>
  <testcase name="TC005_verify_VerifyDDStartdateISEnabled_Is_Disabled" time="0.056" classname="testCases.ViewSpecificTask$TesClass"/>
  <testcase name="TC_017_Verify_tower_Dropdown_is_enabled_after_click_on_edit_button" time="0.184" classname="testCases.ViewSpecificTask$TesClass"/>
  <testcase name="TC_0018_VerifyTextBoxRemarksTexISEnabled_Is_enableAfterClicktest" time="0.000" classname="testCases.ViewSpecificTask$TesClass"/>
  <testcase name="TC007_VerifyTowersCheckboxISEnabled_Is_Disabled" time="0.044" classname="testCases.ViewSpecificTask$TesClass"/>
  <testcase name="TC001_verify_NavigateToEdittaskScreen" time="6.383" classname="testCases.ViewSpecificTask$TesClass"/>
  <testcase name="TC018__VerifyTextBoxRemarksTexISEnabled_Is_enableAfterClick" time="0.392" classname="testCases.ViewSpecificTask$TesClass"/>
  <testcase name="TC003_verify_Verify_TerriotorryDD_Is_Disabled" time="0.252" classname="testCases.ViewSpecificTask$TesClass"/>
  <testcase name="TC013_verify_GNDivision_DD_is_enabled_after_click_on_Edit_Button" time="0.038" classname="testCases.ViewSpecificTask$TesClass"/>
</testsuite> <!-- testCases.ViewSpecificTask$TesClass -->
