<?xml version="1.0" encoding="UTF-8"?>
<!-- Generated by org.testng.reporters.JUnitReportReporter -->
<testsuite hostname="05068-020L" name="testCases.ViewSpecificTask$TesClass" tests="18" failures="0" timestamp="21 Jan 2019 08:36:19 GMT" time="23.277" errors="0">
  <testcase name="TC018__VerifyTextBoxRemarksTexISEnabled_Is_enableAfterClick" time="0.072" classname="testCases.ViewSpecificTask$TesClass"/>
  <testcase name="TC0011_verify_DistrictDD_Is_Disabled_after_click_On_EDit" time="0.036" classname="testCases.ViewSpecificTask$TesClass"/>
  <testcase name="TC_15_Verify_End_Date_Is_Enabled_AftretClick_On_EditButto" time="0.980" classname="testCases.ViewSpecificTask$TesClass"/>
  <testcase name="TC_0018_VerifyTextBoxRemarksTexISEnabled_Is_enableAfterClicktest" time="0.004" classname="testCases.ViewSpecificTask$TesClass"/>
  <testcase name="TC006_verify_VerifyDDEnddateISEnabled_Is_Disabled" time="0.048" classname="testCases.ViewSpecificTask$TesClass"/>
  <testcase name="TC009_VerifyTextBoxRemarksTexIS_disabled" time="0.064" classname="testCases.ViewSpecificTask$TesClass"/>
  <testcase name="TC007_VerifyTowersCheckboxISEnabled_Is_Disabled" time="0.060" classname="testCases.ViewSpecificTask$TesClass"/>
  <testcase name="TC008_VerifyDDTowersIs_Disaled" time="0.056" classname="testCases.ViewSpecificTask$TesClass"/>
  <testcase name="TC014_VerifyStartDateIsEnabled_AftretClickOnEditButto" time="0.048" classname="testCases.ViewSpecificTask$TesClass"/>
  <testcase name="TC002_verify_DistrictDD_Is_Disabled" time="13.958" classname="testCases.ViewSpecificTask$TesClass"/>
  <testcase name="TC004_verify_Verify_DDGNDivisions_IS_Disabled" time="0.248" classname="testCases.ViewSpecificTask$TesClass"/>
  <testcase name="TC013_verify_GNDivision_DD_is_enabled_after_click_on_Edit_Button" time="0.040" classname="testCases.ViewSpecificTask$TesClass"/>
  <testcase name="TC_016_Verify_tower_CheckBox_is_enabled_after_click_on_edit_button" time="0.048" classname="testCases.ViewSpecificTask$TesClass"/>
  <testcase name="TC001_verify_NavigateToEdittaskScreen" time="7.146" classname="testCases.ViewSpecificTask$TesClass"/>
  <testcase name="TC_017_Verify_tower_Dropdown_is_enabled_after_click_on_edit_button" time="0.032" classname="testCases.ViewSpecificTask$TesClass"/>
  <testcase name="TC0012_verify_Terriotorry_Is_Disabled_after_click_On_EDit" time="0.285" classname="testCases.ViewSpecificTask$TesClass"/>
  <testcase name="TC003_verify_Verify_TerriotorryDD_Is_Disabled" time="0.104" classname="testCases.ViewSpecificTask$TesClass"/>
  <testcase name="TC005_verify_VerifyDDStartdateISEnabled_Is_Disabled" time="0.048" classname="testCases.ViewSpecificTask$TesClass"/>
</testsuite> <!-- testCases.ViewSpecificTask$TesClass -->
