<?xml version="1.0" encoding="UTF-8"?>
<!-- Generated by org.testng.reporters.JUnitReportReporter -->
<testsuite hostname="05068-020L" name="testCases.TC_ViewSubtaskList" tests="2" failures="0" timestamp="14 Jan 2019 11:19:20 GMT" time="14.987" errors="0">
  <testcase name="TC001_Verify_Navigate_TO_SubtaskList" time="8.687" classname="testCases.TC_ViewSubtaskList"/>
  <testcase name="TC001_Verify_SelectDD" time="6.300" classname="testCases.TC_ViewSubtaskList"/>
</testsuite> <!-- testCases.TC_ViewSubtaskList -->
