<?xml version="1.0" encoding="UTF-8"?>
<!-- Generated by org.testng.reporters.JUnitReportReporter -->
<testsuite hostname="05068-020L" name="testCases.TS006_Add_Cluster_Manager" tests="5" failures="0" timestamp="3 May 2019 05:10:57 GMT" time="6.489" errors="0">
  <testcase name="TC_003_Verify_Display_of_popup" time="1.151" classname="testCases.TS006_Add_Cluster_Manager"/>
  <testcase name="TC_005_Verify_erroeMessageForEmptySubmit" time="1.195" classname="testCases.TS006_Add_Cluster_Manager"/>
  <testcase name="TC_004_validate_popup_User_Name" time="0.546" classname="testCases.TS006_Add_Cluster_Manager"/>
  <testcase name="Tc002_verify_Navigation_to_AddClusterManagerPage" time="0.017" classname="testCases.TS006_Add_Cluster_Manager"/>
  <testcase name="Tc001_testquit" time="3.580" classname="testCases.TS006_Add_Cluster_Manager"/>
</testsuite> <!-- testCases.TS006_Add_Cluster_Manager -->
