<?xml version="1.0" encoding="UTF-8"?>
<!-- Generated by org.testng.reporters.JUnitReportReporter -->
<testsuite hostname="05068-020L" name="test" tests="1" failures="0" timestamp="3 Dec 2018 06:52:03 GMT" time="9.339" errors="0">
  <testcase name="firts" time="9.339" classname="test"/>
</testsuite> <!-- test -->
